# JRE version: Java(TM) SE Runtime Environment (8.0_151-b12) (build 1.8.0_151-b12)
# Java VM: Java HotSpot(TM) 64-Bit Server VM (25.151-b12 mixed mode windows-amd64 compressed oops)
Heap:
 PSYoungGen      total 344576K, used 331769K [0x000000076b400000, 0x0000000783680000, 0x00000007c0000000)
  eden space 310272K, 95% used [0x000000076b400000,0x000000077d6ae400,0x000000077e300000)
  from space 34304K, 99% used [0x0000000780400000,0x0000000782550190,0x0000000782580000)
  to   space 17408K, 0% used [0x0000000782580000,0x0000000782580000,0x0000000783680000)
 ParOldGen       total 324608K, used 69813K [0x00000006c1c00000, 0x00000006d5900000, 0x000000076b400000)
  object space 324608K, 21% used [0x00000006c1c00000,0x00000006c602d4c0,0x00000006d5900000)
 Metaspace       used 78018K, capacity 86976K, committed 87168K, reserved 1124352K
  class space    used 9948K, capacity 12805K, committed 12928K, reserved 1048576K
GC Heap History (10 events):
Event: 2562.685 GC heap before
{Heap before GC invocations=24 (full 3):
 PSYoungGen      total 380928K, used 380498K [0x000000076b400000, 0x0000000787980000, 0x00000007c0000000)
  eden space 356864K, 100% used [0x000000076b400000,0x0000000781080000,0x0000000781080000)
  from space 24064K, 98% used [0x0000000786200000,0x00000007879149d0,0x0000000787980000)
  to   space 33280K, 0% used [0x0000000783880000,0x0000000783880000,0x0000000785900000)
 ParOldGen       total 324608K, used 57640K [0x00000006c1c00000, 0x00000006d5900000, 0x000000076b400000)
  object space 324608K, 17% used [0x00000006c1c00000,0x00000006c544a238,0x00000006d5900000)
 Metaspace       used 67818K, capacity 75514K, committed 75776K, reserved 1114112K
  class space    used 8297K, capacity 10738K, committed 10752K, reserved 1048576K
Event: 2562.696 GC heap after
Heap after GC invocations=24 (full 3):
 PSYoungGen      total 360960K, used 14076K [0x000000076b400000, 0x0000000786280000, 0x00000007c0000000)
  eden space 346624K, 0% used [0x000000076b400000,0x000000076b400000,0x0000000780680000)
  from space 14336K, 98% used [0x0000000783880000,0x000000078463f3d8,0x0000000784680000)
  to   space 28672K, 0% used [0x0000000784680000,0x0000000784680000,0x0000000786280000)
 ParOldGen       total 324608K, used 57640K [0x00000006c1c00000, 0x00000006d5900000, 0x000000076b400000)
  object space 324608K, 17% used [0x00000006c1c00000,0x00000006c544a238,0x00000006d5900000)
 Metaspace       used 67818K, capacity 75514K, committed 75776K, reserved 1114112K
  class space    used 8297K, capacity 10738K, committed 10752K, reserved 1048576K
}
Event: 3609.404 GC heap before
{Heap before GC invocations=25 (full 3):
 PSYoungGen      total 360960K, used 360700K [0x000000076b400000, 0x0000000786280000, 0x00000007c0000000)
  eden space 346624K, 100% used [0x000000076b400000,0x0000000780680000,0x0000000780680000)
  from space 14336K, 98% used [0x0000000783880000,0x000000078463f3d8,0x0000000784680000)
  to   space 28672K, 0% used [0x0000000784680000,0x0000000784680000,0x0000000786280000)
 ParOldGen       total 324608K, used 57647K [0x00000006c1c00000, 0x00000006d5900000, 0x000000076b400000)
  object space 324608K, 17% used [0x00000006c1c00000,0x00000006c544bea0,0x00000006d5900000)
 Metaspace       used 72720K, capacity 81346K, committed 81536K, reserved 1118208K
  class space    used 9165K, capacity 11879K, committed 11904K, reserved 1048576K
Event: 3609.422 GC heap after
Heap after GC invocations=25 (full 3):
 PSYoungGen      total 358400K, used 21181K [0x000000076b400000, 0x0000000785b80000, 0x00000007c0000000)
  eden space 336896K, 0% used [0x000000076b400000,0x000000076b400000,0x000000077fd00000)
  from space 21504K, 98% used [0x0000000784680000,0x0000000785b2f6b8,0x0000000785b80000)
  to   space 32256K, 0% used [0x0000000781c80000,0x0000000781c80000,0x0000000783c00000)
 ParOldGen       total 324608K, used 57655K [0x00000006c1c00000, 0x00000006d5900000, 0x000000076b400000)
  object space 324608K, 17% used [0x00000006c1c00000,0x00000006c544dea0,0x00000006d5900000)
 Metaspace       used 72720K, capacity 81346K, committed 81536K, reserved 1118208K
  class space    used 9165K, capacity 11879K, committed 11904K, reserved 1048576K
}
Event: 3699.129 GC heap before
{Heap before GC invocations=26 (full 3):
 PSYoungGen      total 358400K, used 358077K [0x000000076b400000, 0x0000000785b80000, 0x00000007c0000000)
  eden space 336896K, 100% used [0x000000076b400000,0x000000077fd00000,0x000000077fd00000)
  from space 21504K, 98% used [0x0000000784680000,0x0000000785b2f6b8,0x0000000785b80000)
  to   space 32256K, 0% used [0x0000000781c80000,0x0000000781c80000,0x0000000783c00000)
 ParOldGen       total 324608K, used 57655K [0x00000006c1c00000, 0x00000006d5900000, 0x000000076b400000)
  object space 324608K, 17% used [0x00000006c1c00000,0x00000006c544dea0,0x00000006d5900000)
 Metaspace       used 75774K, capacity 84678K, committed 84864K, reserved 1122304K
  class space    used 9642K, capacity 12410K, committed 12416K, reserved 1048576K
Event: 3699.155 GC heap after
Heap after GC invocations=26 (full 3):
 PSYoungGen      total 353792K, used 25744K [0x000000076b400000, 0x0000000784700000, 0x00000007c0000000)
  eden space 327680K, 0% used [0x000000076b400000,0x000000076b400000,0x000000077f400000)
  from space 26112K, 98% used [0x0000000781c80000,0x00000007835a4298,0x0000000783600000)
  to   space 17408K, 0% used [0x0000000783600000,0x0000000783600000,0x0000000784700000)
 ParOldGen       total 324608K, used 57663K [0x00000006c1c00000, 0x00000006d5900000, 0x000000076b400000)
  object space 324608K, 17% used [0x00000006c1c00000,0x00000006c544fea0,0x00000006d5900000)
 Metaspace       used 75774K, capacity 84678K, committed 84864K, reserved 1122304K
  class space    used 9642K, capacity 12410K, committed 12416K, reserved 1048576K
}
Event: 3708.468 GC heap before
{Heap before GC invocations=27 (full 3):
 PSYoungGen      total 353792K, used 353424K [0x000000076b400000, 0x0000000784700000, 0x00000007c0000000)
  eden space 327680K, 100% used [0x000000076b400000,0x000000077f400000,0x000000077f400000)
  from space 26112K, 98% used [0x0000000781c80000,0x00000007835a4298,0x0000000783600000)
  to   space 17408K, 0% used [0x0000000783600000,0x0000000783600000,0x0000000784700000)
 ParOldGen       total 324608K, used 57663K [0x00000006c1c00000, 0x00000006d5900000, 0x000000076b400000)
  object space 324608K, 17% used [0x00000006c1c00000,0x00000006c544fea0,0x00000006d5900000)
 Metaspace       used 75849K, capacity 84742K, committed 84864K, reserved 1122304K
  class space    used 9642K, capacity 12410K, committed 12416K, reserved 1048576K
Event: 3708.485 GC heap after
Heap after GC invocations=27 (full 3):
 PSYoungGen      total 336384K, used 17380K [0x000000076b400000, 0x0000000784700000, 0x00000007c0000000)
  eden space 318976K, 0% used [0x000000076b400000,0x000000076b400000,0x000000077eb80000)
  from space 17408K, 99% used [0x0000000783600000,0x00000007846f90a8,0x0000000784700000)
  to   space 34304K, 0% used [0x0000000780400000,0x0000000780400000,0x0000000782580000)
 ParOldGen       total 324608K, used 64346K [0x00000006c1c00000, 0x00000006d5900000, 0x000000076b400000)
  object space 324608K, 19% used [0x00000006c1c00000,0x00000006c5ad6980,0x00000006d5900000)
 Metaspace       used 75849K, capacity 84742K, committed 84864K, reserved 1122304K
  class space    used 9642K, capacity 12410K, committed 12416K, reserved 1048576K
}
Event: 3824.449 GC heap before
{Heap before GC invocations=28 (full 3):
 PSYoungGen      total 336384K, used 336356K [0x000000076b400000, 0x0000000784700000, 0x00000007c0000000)
  eden space 318976K, 100% used [0x000000076b400000,0x000000077eb80000,0x000000077eb80000)
  from space 17408K, 99% used [0x0000000783600000,0x00000007846f90a8,0x0000000784700000)
  to   space 34304K, 0% used [0x0000000780400000,0x0000000780400000,0x0000000782580000)
 ParOldGen       total 324608K, used 64346K [0x00000006c1c00000, 0x00000006d5900000, 0x000000076b400000)
  object space 324608K, 19% used [0x00000006c1c00000,0x00000006c5ad6980,0x00000006d5900000)
 Metaspace       used 77468K, capacity 86402K, committed 86528K, reserved 1122304K
  class space    used 9894K, capacity 12766K, committed 12800K, reserved 1048576K
Event: 3824.482 GC heap after
Heap after GC invocations=28 (full 3):
 PSYoungGen      total 344576K, used 34112K [0x000000076b400000, 0x0000000783680000, 0x00000007c0000000)
  eden space 310272K, 0% used [0x000000076b400000,0x000000076b400000,0x000000077e300000)
  from space 34304K, 99% used [0x0000000780400000,0x0000000782550190,0x0000000782580000)
  to   space 17408K, 0% used [0x0000000782580000,0x0000000782580000,0x0000000783680000)
 ParOldGen       total 324608K, used 69813K [0x00000006c1c00000, 0x00000006d5900000, 0x000000076b400000)
  object space 324608K, 21% used [0x00000006c1c00000,0x00000006c602d4c0,0x00000006d5900000)
 Metaspace       used 77468K, capacity 86402K, committed 86528K, reserved 1122304K
  class space    used 9894K, capacity 12766K, committed 12800K, reserved 1048576K
}

