# JRE version: Java(TM) SE Runtime Environment (8.0_151-b12) (build 1.8.0_151-b12)
# Java VM: Java HotSpot(TM) 64-Bit Server VM (25.151-b12 mixed mode windows-amd64 compressed oops)
Heap:
 PSYoungGen      total 203264K, used 164288K [0x000000076b400000, 0x0000000779500000, 0x00000007c0000000)
  eden space 199680K, 80% used [0x000000076b400000,0x0000000775152670,0x0000000777700000)
  from space 3584K, 89% used [0x0000000777b80000,0x0000000777e9dce0,0x0000000777f00000)
  to   space 15360K, 0% used [0x0000000778600000,0x0000000778600000,0x0000000779500000)
 ParOldGen       total 294912K, used 70440K [0x00000006c1c00000, 0x00000006d3c00000, 0x000000076b400000)
  object space 294912K, 23% used [0x00000006c1c00000,0x00000006c60ca210,0x00000006d3c00000)
 Metaspace       used 67248K, capacity 74276K, committed 74624K, reserved 1114112K
  class space    used 8098K, capacity 10331K, committed 10368K, reserved 1048576K
GC Heap History (10 events):
Event: 1210.955 GC heap before
{Heap before GC invocations=38 (full 3):
 PSYoungGen      total 227840K, used 227492K [0x000000076b400000, 0x000000077b800000, 0x00000007c0000000)
  eden space 223744K, 100% used [0x000000076b400000,0x0000000778e80000,0x0000000778e80000)
  from space 4096K, 91% used [0x000000077b400000,0x000000077b7a9390,0x000000077b800000)
  to   space 19456K, 0% used [0x0000000779200000,0x0000000779200000,0x000000077a500000)
 ParOldGen       total 294912K, used 68611K [0x00000006c1c00000, 0x00000006d3c00000, 0x000000076b400000)
  object space 294912K, 23% used [0x00000006c1c00000,0x00000006c5f00d98,0x00000006d3c00000)
 Metaspace       used 67200K, capacity 74276K, committed 74624K, reserved 1114112K
  class space    used 8092K, capacity 10331K, committed 10368K, reserved 1048576K
Event: 1210.959 GC heap after
Heap after GC invocations=38 (full 3):
 PSYoungGen      total 221696K, used 2594K [0x000000076b400000, 0x000000077b480000, 0x00000007c0000000)
  eden space 218624K, 0% used [0x000000076b400000,0x000000076b400000,0x0000000778980000)
  from space 3072K, 84% used [0x0000000779200000,0x0000000779488a50,0x0000000779500000)
  to   space 18432K, 0% used [0x000000077a280000,0x000000077a280000,0x000000077b480000)
 ParOldGen       total 294912K, used 69067K [0x00000006c1c00000, 0x00000006d3c00000, 0x000000076b400000)
  object space 294912K, 23% used [0x00000006c1c00000,0x00000006c5f72dc8,0x00000006d3c00000)
 Metaspace       used 67200K, capacity 74276K, committed 74624K, reserved 1114112K
  class space    used 8092K, capacity 10331K, committed 10368K, reserved 1048576K
}
Event: 1219.962 GC heap before
{Heap before GC invocations=39 (full 3):
 PSYoungGen      total 221696K, used 221218K [0x000000076b400000, 0x000000077b480000, 0x00000007c0000000)
  eden space 218624K, 100% used [0x000000076b400000,0x0000000778980000,0x0000000778980000)
  from space 3072K, 84% used [0x0000000779200000,0x0000000779488a50,0x0000000779500000)
  to   space 18432K, 0% used [0x000000077a280000,0x000000077a280000,0x000000077b480000)
 ParOldGen       total 294912K, used 69067K [0x00000006c1c00000, 0x00000006d3c00000, 0x000000076b400000)
  object space 294912K, 23% used [0x00000006c1c00000,0x00000006c5f72e10,0x00000006d3c00000)
 Metaspace       used 67200K, capacity 74276K, committed 74624K, reserved 1114112K
  class space    used 8092K, capacity 10331K, committed 10368K, reserved 1048576K
Event: 1219.966 GC heap after
Heap after GC invocations=39 (full 3):
 PSYoungGen      total 218624K, used 3720K [0x000000076b400000, 0x000000077a780000, 0x00000007c0000000)
  eden space 213504K, 0% used [0x000000076b400000,0x000000076b400000,0x0000000778480000)
  from space 5120K, 72% used [0x000000077a280000,0x000000077a622180,0x000000077a780000)
  to   space 17920K, 0% used [0x0000000778480000,0x0000000778480000,0x0000000779600000)
 ParOldGen       total 294912K, used 69131K [0x00000006c1c00000, 0x00000006d3c00000, 0x000000076b400000)
  object space 294912K, 23% used [0x00000006c1c00000,0x00000006c5f82e10,0x00000006d3c00000)
 Metaspace       used 67200K, capacity 74276K, committed 74624K, reserved 1114112K
  class space    used 8092K, capacity 10331K, committed 10368K, reserved 1048576K
}
Event: 1228.984 GC heap before
{Heap before GC invocations=40 (full 3):
 PSYoungGen      total 218624K, used 217224K [0x000000076b400000, 0x000000077a780000, 0x00000007c0000000)
  eden space 213504K, 100% used [0x000000076b400000,0x0000000778480000,0x0000000778480000)
  from space 5120K, 72% used [0x000000077a280000,0x000000077a622180,0x000000077a780000)
  to   space 17920K, 0% used [0x0000000778480000,0x0000000778480000,0x0000000779600000)
 ParOldGen       total 294912K, used 69134K [0x00000006c1c00000, 0x00000006d3c00000, 0x000000076b400000)
  object space 294912K, 23% used [0x00000006c1c00000,0x00000006c5f83840,0x00000006d3c00000)
 Metaspace       used 67200K, capacity 74276K, committed 74624K, reserved 1114112K
  class space    used 8092K, capacity 10331K, committed 10368K, reserved 1048576K
Event: 1228.987 GC heap after
Heap after GC invocations=40 (full 3):
 PSYoungGen      total 212992K, used 3661K [0x000000076b400000, 0x000000077a300000, 0x00000007c0000000)
  eden space 208896K, 0% used [0x000000076b400000,0x000000076b400000,0x0000000778000000)
  from space 4096K, 89% used [0x0000000778480000,0x0000000778813420,0x0000000778880000)
  to   space 16896K, 0% used [0x0000000779280000,0x0000000779280000,0x000000077a300000)
 ParOldGen       total 294912K, used 69182K [0x00000006c1c00000, 0x00000006d3c00000, 0x000000076b400000)
  object space 294912K, 23% used [0x00000006c1c00000,0x00000006c5f8f840,0x00000006d3c00000)
 Metaspace       used 67200K, capacity 74276K, committed 74624K, reserved 1114112K
  class space    used 8092K, capacity 10331K, committed 10368K, reserved 1048576K
}
Event: 1240.466 GC heap before
{Heap before GC invocations=41 (full 3):
 PSYoungGen      total 212992K, used 212557K [0x000000076b400000, 0x000000077a300000, 0x00000007c0000000)
  eden space 208896K, 100% used [0x000000076b400000,0x0000000778000000,0x0000000778000000)
  from space 4096K, 89% used [0x0000000778480000,0x0000000778813420,0x0000000778880000)
  to   space 16896K, 0% used [0x0000000779280000,0x0000000779280000,0x000000077a300000)
 ParOldGen       total 294912K, used 69182K [0x00000006c1c00000, 0x00000006d3c00000, 0x000000076b400000)
  object space 294912K, 23% used [0x00000006c1c00000,0x00000006c5f8f840,0x00000006d3c00000)
 Metaspace       used 67200K, capacity 74276K, committed 74624K, reserved 1114112K
  class space    used 8092K, capacity 10331K, committed 10368K, reserved 1048576K
Event: 1240.470 GC heap after
Heap after GC invocations=41 (full 3):
 PSYoungGen      total 213504K, used 2576K [0x000000076b400000, 0x0000000779b80000, 0x00000007c0000000)
  eden space 204288K, 0% used [0x000000076b400000,0x000000076b400000,0x0000000777b80000)
  from space 9216K, 27% used [0x0000000779280000,0x0000000779504100,0x0000000779b80000)
  to   space 16384K, 0% used [0x0000000777b80000,0x0000000777b80000,0x0000000778b80000)
 ParOldGen       total 294912K, used 70336K [0x00000006c1c00000, 0x00000006d3c00000, 0x000000076b400000)
  object space 294912K, 23% used [0x00000006c1c00000,0x00000006c60b0210,0x00000006d3c00000)
 Metaspace       used 67200K, capacity 74276K, committed 74624K, reserved 1114112K
  class space    used 8092K, capacity 10331K, committed 10368K, reserved 1048576K
}
Event: 1249.862 GC heap before
{Heap before GC invocations=42 (full 3):
 PSYoungGen      total 213504K, used 206864K [0x000000076b400000, 0x0000000779b80000, 0x00000007c0000000)
  eden space 204288K, 100% used [0x000000076b400000,0x0000000777b80000,0x0000000777b80000)
  from space 9216K, 27% used [0x0000000779280000,0x0000000779504100,0x0000000779b80000)
  to   space 16384K, 0% used [0x0000000777b80000,0x0000000777b80000,0x0000000778b80000)
 ParOldGen       total 294912K, used 70336K [0x00000006c1c00000, 0x00000006d3c00000, 0x000000076b400000)
  object space 294912K, 23% used [0x00000006c1c00000,0x00000006c60b0210,0x00000006d3c00000)
 Metaspace       used 67200K, capacity 74276K, committed 74624K, reserved 1114112K
  class space    used 8092K, capacity 10331K, committed 10368K, reserved 1048576K
Event: 1249.865 GC heap after
Heap after GC invocations=42 (full 3):
 PSYoungGen      total 203264K, used 3191K [0x000000076b400000, 0x0000000779500000, 0x00000007c0000000)
  eden space 199680K, 0% used [0x000000076b400000,0x000000076b400000,0x0000000777700000)
  from space 3584K, 89% used [0x0000000777b80000,0x0000000777e9dce0,0x0000000777f00000)
  to   space 15360K, 0% used [0x0000000778600000,0x0000000778600000,0x0000000779500000)
 ParOldGen       total 294912K, used 70440K [0x00000006c1c00000, 0x00000006d3c00000, 0x000000076b400000)
  object space 294912K, 23% used [0x00000006c1c00000,0x00000006c60ca210,0x00000006d3c00000)
 Metaspace       used 67200K, capacity 74276K, committed 74624K, reserved 1114112K
  class space    used 8092K, capacity 10331K, committed 10368K, reserved 1048576K
}

